<?xml version="1.0" encoding="utf-8"?><testsuites name="pytest tests"><testsuite name="pytest" errors="0" failures="0" skipped="0" tests="21" time="0.109" timestamp="2026-06-18T10:34:58.179010+08:00" hostname="WLMHAN"><testcase classname="tests.test_memory_vault" name="test_entry_id_stable" file="tests\test_memory_vault.py" line="36" time="0.000" /><testcase classname="tests.test_memory_vault" name="test_entry_creation" file="tests\test_memory_vault.py" line="48" time="0.000" /><testcase classname="tests.test_memory_vault" name="test_entry_serialization" file="tests\test_memory_vault.py" line="63" time="0.000" /><testcase classname="tests.test_memory_vault" name="test_entry_decay_p0_never" file="tests\test_memory_vault.py" line="78" time="0.000" /><testcase classname="tests.test_memory_vault" name="test_entry_decay_p2" file="tests\test_memory_vault.py" line="86" time="0.000" /><testcase classname="tests.test_memory_vault" name="test_entry_touch" file="tests\test_memory_vault.py" line="97" time="0.000" /><testcase classname="tests.test_memory_vault" name="test_store_add_get" file="tests\test_memory_vault.py" line="110" time="0.005" /><testcase classname="tests.test_memory_vault" name="test_store_update" file="tests\test_memory_vault.py" line="118" time="0.003" /><testcase classname="tests.test_memory_vault" name="test_store_stat" file="tests\test_memory_vault.py" line="128" time="0.007" /><testcase classname="tests.test_memory_vault" name="test_vault_remember_and_recall" file="tests\test_memory_vault.py" line="141" time="0.003" /><testcase classname="tests.test_memory_vault" name="test_vault_recall_by_category" file="tests\test_memory_vault.py" line="154" time="0.006" /><testcase classname="tests.test_memory_vault" name="test_vault_hot" file="tests\test_memory_vault.py" line="163" time="0.006" /><testcase classname="tests.test_memory_vault" name="test_vault_consistency_check" file="tests\test_memory_vault.py" line="173" time="0.007" /><testcase classname="tests.test_memory_vault" name="test_vault_stat" file="tests\test_memory_vault.py" line="182" time="0.005" /><testcase classname="tests.test_memory_vault" name="test_vault_trace" file="tests\test_memory_vault.py" line="191" time="0.003" /><testcase classname="tests.test_memory_vault" name="test_验收_记得住" file="tests\test_memory_vault.py" line="207" time="0.005" /><testcase classname="tests.test_memory_vault" name="test_验收_好调用" file="tests\test_memory_vault.py" line="215" time="0.004" /><testcase classname="tests.test_memory_vault" name="test_验收_省空间_归档" file="tests\test_memory_vault.py" line="223" time="0.005" /><testcase classname="tests.test_memory_vault" name="test_验收_一致性_冗余检测" file="tests\test_memory_vault.py" line="236" time="0.006" /><testcase classname="tests.test_memory_vault" name="test_验收_可追溯_来源链" file="tests\test_memory_vault.py" line="244" time="0.004" /><testcase classname="tests.test_memory_vault" name="test_验收_可遗忘_衰减" file="tests\test_memory_vault.py" line="252" time="0.003" /></testsuite></testsuites>