<?xml version="1.0" encoding="utf-8"?><testsuites name="pytest tests"><testsuite name="pytest" errors="0" failures="0" skipped="0" tests="17" time="0.056" timestamp="2026-06-18T10:33:33.223823+08:00" hostname="WLMHAN"><testcase classname="tests.test_anti_drift.TestSceneTagger" name="test_import" file="tests\test_anti_drift.py" line="8" time="0.009" /><testcase classname="tests.test_anti_drift.TestSceneTagger" name="test_tag_with_messages" file="tests\test_anti_drift.py" line="12" time="0.000" /><testcase classname="tests.test_anti_drift.TestSceneTagger" name="test_tag_with_user_text" file="tests\test_anti_drift.py" line="22" time="0.000" /><testcase classname="tests.test_anti_drift.TestSceneTagger" name="test_keywords_present" file="tests\test_anti_drift.py" line="28" time="0.000" /><testcase classname="tests.test_anti_drift.TestSampler" name="test_import" file="tests\test_anti_drift.py" line="36" time="0.000" /><testcase classname="tests.test_anti_drift.TestSampler" name="test_soul_questions_defined" file="tests\test_anti_drift.py" line="40" time="0.000" /><testcase classname="tests.test_anti_drift.TestSampler" name="test_load_baseline" file="tests\test_anti_drift.py" line="45" time="0.001" /><testcase classname="tests.test_anti_drift.TestSampler" name="test_deep_sample" file="tests\test_anti_drift.py" line="51" time="0.000" /><testcase classname="tests.test_anti_drift.TestSampler" name="test_light_sample" file="tests\test_anti_drift.py" line="65" time="0.000" /><testcase classname="tests.test_anti_drift.TestDetector" name="test_import" file="tests\test_anti_drift.py" line="80" time="0.000" /><testcase classname="tests.test_anti_drift.TestDetector" name="test_identical_answers" file="tests\test_anti_drift.py" line="84" time="0.001" /><testcase classname="tests.test_anti_drift.TestDetector" name="test_different_answers" file="tests\test_anti_drift.py" line="96" time="0.000" /><testcase classname="tests.test_anti_drift.TestDetector" name="test_thresholds" file="tests\test_anti_drift.py" line="109" time="0.000" /><testcase classname="tests.test_anti_drift.TestArchiver" name="test_import" file="tests\test_anti_drift.py" line="119" time="0.000" /><testcase classname="tests.test_anti_drift.TestArchiver" name="test_judge_thresholds" file="tests\test_anti_drift.py" line="123" time="0.000" /><testcase classname="tests.test_anti_drift.TestArchiver" name="test_store_and_list" file="tests\test_anti_drift.py" line="141" time="0.022" /><testcase classname="tests.test_anti_drift.TestArchiver" name="test_correction_action" file="tests\test_anti_drift.py" line="159" time="0.000" /></testsuite></testsuites>