<?xml version="1.0" encoding="utf-8"?><testsuites name="pytest tests"><testsuite name="pytest" errors="0" failures="0" skipped="0" tests="20" time="0.273" timestamp="2026-06-18T10:33:56.602381+08:00" hostname="WLMHAN"><testcase classname="tests.test_governance.TestProtocolYAML" name="test_all_gov_files_exist" file="tests\test_governance.py" line="9" time="0.001" /><testcase classname="tests.test_governance.TestProtocolYAML" name="test_each_yaml_parses[G001]" file="tests\test_governance.py" line="16" time="0.003" /><testcase classname="tests.test_governance.TestProtocolYAML" name="test_each_yaml_parses[G002]" file="tests\test_governance.py" line="16" time="0.004" /><testcase classname="tests.test_governance.TestProtocolYAML" name="test_each_yaml_parses[G003]" file="tests\test_governance.py" line="16" time="0.003" /><testcase classname="tests.test_governance.TestProtocolYAML" name="test_each_yaml_parses[G004]" file="tests\test_governance.py" line="16" time="0.003" /><testcase classname="tests.test_governance.TestProtocolYAML" name="test_each_yaml_parses[G005]" file="tests\test_governance.py" line="16" time="0.005" /><testcase classname="tests.test_governance.TestLoader" name="test_load_protocols" file="tests\test_governance.py" line="25" time="0.042" /><testcase classname="tests.test_governance.TestLoader" name="test_import_all" file="tests\test_governance.py" line="31" time="0.000" /><testcase classname="tests.test_governance.TestRuleMatcher" name="test_init" file="tests\test_governance.py" line="43" time="0.017" /><testcase classname="tests.test_governance.TestCircuitBreaker" name="test_not_frozen_initially" file="tests\test_governance.py" line="51" time="0.000" /><testcase classname="tests.test_governance.TestCircuitBreaker" name="test_freeze_on_threshold" file="tests\test_governance.py" line="57" time="0.002" /><testcase classname="tests.test_governance.TestCircuitBreaker" name="test_below_threshold" file="tests\test_governance.py" line="66" time="0.011" /><testcase classname="tests.test_governance.TestCircuitBreaker" name="test_unfreeze" file="tests\test_governance.py" line="74" time="0.002" /><testcase classname="tests.test_governance.TestConsensusEngine" name="test_import" file="tests\test_governance.py" line="88" time="0.002" /><testcase classname="tests.test_governance.TestConsensusEngine" name="test_create_proposal" file="tests\test_governance.py" line="92" time="0.013" /><testcase classname="tests.test_governance.TestConsensusEngine" name="test_vote_on_proposal" file="tests\test_governance.py" line="110" time="0.007" /><testcase classname="tests.test_governance.TestExecutionEngine" name="test_import" file="tests\test_governance.py" line="129" time="0.062" /><testcase classname="tests.test_governance.TestExecutionEngine" name="test_init" file="tests\test_governance.py" line="133" time="0.021" /><testcase classname="tests.test_governance.TestExecutionEngine" name="test_submit_task" file="tests\test_governance.py" line="138" time="0.002" /><testcase classname="tests.test_governance.TestExecutionEngine" name="test_priority_levels" file="tests\test_governance.py" line="153" time="0.000" /></testsuite></testsuites>