<?xml version="1.0" encoding="utf-8"?><testsuites name="pytest tests"><testsuite name="pytest" errors="0" failures="0" skipped="0" tests="15" time="0.094" timestamp="2026-06-18T10:33:35.173979+08:00" hostname="WLMHAN"><testcase classname="tests.test_dedup" name="test_levenshtein_identical" file="tests\test_dedup.py" line="24" time="0.000" /><testcase classname="tests.test_dedup" name="test_levenshtein_one_char" file="tests\test_dedup.py" line="27" time="0.000" /><testcase classname="tests.test_dedup" name="test_levenshtein_insert" file="tests\test_dedup.py" line="30" time="0.000" /><testcase classname="tests.test_dedup" name="test_levenshtein_empty" file="tests\test_dedup.py" line="33" time="0.000" /><testcase classname="tests.test_dedup" name="test_levenshtein_reverse" file="tests\test_dedup.py" line="37" time="0.000" /><testcase classname="tests.test_dedup" name="test_exact_dedup_adds_new" file="tests\test_dedup.py" line="43" time="0.008" /><testcase classname="tests.test_dedup" name="test_exact_dedup_skips_duplicate" file="tests\test_dedup.py" line="50" time="0.004" /><testcase classname="tests.test_dedup" name="test_exact_dedup_stats" file="tests\test_dedup.py" line="60" time="0.004" /><testcase classname="tests.test_dedup" name="test_similar_content_deprecated" file="tests\test_dedup.py" line="71" time="0.006" /><testcase classname="tests.test_dedup" name="test_different_category_not_dedup" file="tests\test_dedup.py" line="80" time="0.005" /><testcase classname="tests.test_dedup" name="test_get_savings_structure" file="tests\test_dedup.py" line="90" time="0.002" /><testcase classname="tests.test_dedup" name="test_reset_stats" file="tests\test_dedup.py" line="96" time="0.004" /><testcase classname="tests.test_dedup" name="test_run_similarity_check_returns_dict" file="tests\test_dedup.py" line="106" time="0.006" /><testcase classname="tests.test_dedup" name="test_topic_merge_below_threshold" file="tests\test_dedup.py" line="117" time="0.007" /><testcase classname="tests.test_dedup" name="test_topic_merge_above_threshold" file="tests\test_dedup.py" line="126" time="0.014" /></testsuite></testsuites>