<?xml version="1.0" encoding="utf-8"?><testsuites name="pytest tests"><testsuite name="pytest" errors="0" failures="0" skipped="0" tests="17" time="38.525" timestamp="2026-06-18T10:33:58.284045+08:00" hostname="WLMHAN"><testcase classname="tests.test_memguard.TestIntegrity" name="test_imports" file="tests\test_memguard.py" line="5" time="0.005" /><testcase classname="tests.test_memguard.TestIntegrity" name="test_hash_utils" file="tests\test_memguard.py" line="9" time="0.015" /><testcase classname="tests.test_memguard.TestCrypto" name="test_imports" file="tests\test_memguard.py" line="21" time="0.077" /><testcase classname="tests.test_memguard.TestCrypto" name="test_encrypt_decrypt_file" file="tests\test_memguard.py" line="25" time="2.301" /><testcase classname="tests.test_memguard.TestCrypto" name="test_key_manager" file="tests\test_memguard.py" line="39" time="0.504" /><testcase classname="tests.test_memguard.TestCrypto" name="test_key_recovery" file="tests\test_memguard.py" line="46" time="1.021" /><testcase classname="tests.test_memguard.TestCrypto" name="test_list_encrypted_empty" file="tests\test_memguard.py" line="53" time="0.368" /><testcase classname="tests.test_memguard.TestAuth" name="test_imports" file="tests\test_memguard.py" line="61" time="0.008" /><testcase classname="tests.test_memguard.TestAuth" name="test_register_and_authenticate" file="tests\test_memguard.py" line="65" time="11.534" /><testcase classname="tests.test_memguard.TestAuth" name="test_authenticate_wrong_key" file="tests\test_memguard.py" line="78" time="5.257" /><testcase classname="tests.test_memguard.TestAuth" name="test_node_key_creation" file="tests\test_memguard.py" line="86" time="0.000" /><testcase classname="tests.test_memguard.TestAuth" name="test_verify_key" file="tests\test_memguard.py" line="99" time="4.859" /><testcase classname="tests.test_memguard.TestAudit" name="test_imports" file="tests\test_memguard.py" line="111" time="0.347" /><testcase classname="tests.test_memguard.TestAudit" name="test_append_and_search" file="tests\test_memguard.py" line="115" time="4.975" /><testcase classname="tests.test_memguard.TestAudit" name="test_verify_chain" file="tests\test_memguard.py" line="122" time="3.695" /><testcase classname="tests.test_memguard.TestAudit" name="test_risk_assessor" file="tests\test_memguard.py" line="129" time="0.000" /><testcase classname="tests.test_memguard.TestAudit" name="test_get_stats" file="tests\test_memguard.py" line="136" time="3.520" /></testsuite></testsuites>