<?xml version="1.0" encoding="utf-8"?><testsuites name="pytest tests"><testsuite name="pytest" errors="0" failures="0" skipped="0" tests="16" time="0.184" timestamp="2026-06-18T10:33:57.493299+08:00" hostname="WLMHAN"><testcase classname="tests.test_kb.TestDefinitions" name="test_iron_laws" file="tests\test_kb.py" line="16" time="0.062" /><testcase classname="tests.test_kb.TestDefinitions" name="test_tri_body_roles" file="tests\test_kb.py" line="22" time="0.000" /><testcase classname="tests.test_kb.TestDefinitions" name="test_entity_types" file="tests\test_kb.py" line="27" time="0.000" /><testcase classname="tests.test_kb.TestDefinitions" name="test_visibility_types" file="tests\test_kb.py" line="31" time="0.000" /><testcase classname="tests.test_kb.TestHashIntegrity" name="test_compute_hash" file="tests\test_kb.py" line="40" time="0.010" /><testcase classname="tests.test_kb.TestHashIntegrity" name="test_hash_index_roundtrip" file="tests\test_kb.py" line="48" time="0.003" /><testcase classname="tests.test_kb.TestYamlFrontMatter" name="test_parse_valid" file="tests\test_kb.py" line="59" time="0.000" /><testcase classname="tests.test_kb.TestYamlFrontMatter" name="test_parse_no_frontmatter" file="tests\test_kb.py" line="66" time="0.000" /><testcase classname="tests.test_kb.TestYamlFrontMatter" name="test_make_yaml_front_matter" file="tests\test_kb.py" line="72" time="0.000" /><testcase classname="tests.test_kb.TestProtocolEnforcer" name="test_validate_create_valid" file="tests\test_kb.py" line="81" time="0.000" /><testcase classname="tests.test_kb.TestProtocolEnforcer" name="test_validate_create_bad_visibility" file="tests\test_kb.py" line="91" time="0.000" /><testcase classname="tests.test_kb.TestProtocolEnforcer" name="test_violation_report" file="tests\test_kb.py" line="104" time="0.000" /><testcase classname="tests.test_kb.TestProtocolEnforcer" name="test_g005_visibility_check" file="tests\test_kb.py" line="110" time="0.000" /><testcase classname="tests.test_kb.TestCLI" name="test_cli_help" file="tests\test_kb.py" line="122" time="0.002" /><testcase classname="tests.test_kb.TestCLI" name="test_cli_ironlaws" file="tests\test_kb.py" line="128" time="0.010" /><testcase classname="tests.test_kb.TestCLI" name="test_cli_list" file="tests\test_kb.py" line="134" time="0.058" /></testsuite></testsuites>