<?xml version="1.0" encoding="utf-8"?><testsuites name="pytest tests"><testsuite name="pytest" errors="0" failures="0" skipped="0" tests="7" time="0.415" timestamp="2026-06-18T10:33:34.112423+08:00" hostname="WLMHAN"><testcase classname="tests.test_api.TestAPI" name="test_health" file="tests\test_api.py" line="17" time="0.199" /><testcase classname="tests.test_api.TestAPI" name="test_api_stats" file="tests\test_api.py" line="21" time="0.043" /><testcase classname="tests.test_api.TestAPI" name="test_api_entries" file="tests\test_api.py" line="28" time="0.046" /><testcase classname="tests.test_api.TestAPI" name="test_cors_headers" file="tests\test_api.py" line="34" time="0.001" /><testcase classname="tests.test_api.TestAPI" name="test_static_files" file="tests\test_api.py" line="39" time="0.001" /><testcase classname="tests.test_api.TestAPI" name="test_intercom_api" file="tests\test_api.py" line="43" time="0.005" /><testcase classname="tests.test_api.TestHealthEndpoint" name="test_app_routes" file="tests\test_api.py" line="48" time="0.083" /></testsuite></testsuites>