<?xml version="1.0" encoding="utf-8"?><testsuites name="pytest tests"><testsuite name="pytest" errors="0" failures="0" skipped="0" tests="4" time="19.734" timestamp="2026-06-18T10:33:35.810394+08:00" hostname="WLMHAN"><testcase classname="tests.test_e2e.TestKBWithCrypto" name="test_entry_to_encrypted_roundtrip" file="tests\test_e2e.py" line="10" time="1.885" /><testcase classname="tests.test_e2e.TestPolarisPipeline" name="test_full_pipeline" file="tests\test_e2e.py" line="68" time="0.013" /><testcase classname="tests.test_e2e.TestMemGuardChain" name="test_security_chain" file="tests\test_e2e.py" line="117" time="17.655" /><testcase classname="tests.test_e2e.TestGovWithProtocols" name="test_load_and_validate" file="tests\test_e2e.py" line="158" time="0.134" /></testsuite></testsuites>