<?xml version="1.0" encoding="utf-8"?><testsuites name="pytest tests"><testsuite name="pytest" errors="0" failures="0" skipped="0" tests="25" time="19.371" timestamp="2026-06-18T10:34:37.782605+08:00" hostname="WLMHAN"><testcase classname="tests.test_memguard_full.TestCore" name="test_config_init" file="tests\test_memguard_full.py" line="18" time="0.058" /><testcase classname="tests.test_memguard_full.TestCore" name="test_hash_utils_compute_hashes" file="tests\test_memguard_full.py" line="26" time="0.002" /><testcase classname="tests.test_memguard_full.TestCore" name="test_hash_utils_sha256" file="tests\test_memguard_full.py" line="37" time="0.000" /><testcase classname="tests.test_memguard_full.TestCore" name="test_baseline_manager_lock_unlock" file="tests\test_memguard_full.py" line="46" time="0.975" /><testcase classname="tests.test_memguard_full.TestCore" name="test_baseline_manager_save_and_read" file="tests\test_memguard_full.py" line="64" time="2.207" /><testcase classname="tests.test_memguard_full.TestCore" name="test_audit_log_append_and_verify" file="tests\test_memguard_full.py" line="88" time="2.714" /><testcase classname="tests.test_memguard_full.TestCore" name="test_audit_log_search" file="tests\test_memguard_full.py" line="111" time="4.954" /><testcase classname="tests.test_memguard_full.TestCrypto" name="test_aes256_generate_key" file="tests\test_memguard_full.py" line="137" time="0.143" /><testcase classname="tests.test_memguard_full.TestCrypto" name="test_aes256_encrypt_decrypt" file="tests\test_memguard_full.py" line="147" time="0.004" /><testcase classname="tests.test_memguard_full.TestCrypto" name="test_aes256_decrypt_with_wrong_key" file="tests\test_memguard_full.py" line="169" time="0.001" /><testcase classname="tests.test_memguard_full.TestCrypto" name="test_aes256_compute_hash" file="tests\test_memguard_full.py" line="184" time="0.000" /><testcase classname="tests.test_memguard_full.TestCrypto" name="test_file_encryptor_encrypt_decrypt_file" file="tests\test_memguard_full.py" line="196" time="1.918" /><testcase classname="tests.test_memguard_full.TestAudit" name="test_enhanced_audit_append" file="tests\test_memguard_full.py" line="237" time="1.148" /><testcase classname="tests.test_memguard_full.TestAudit" name="test_enhanced_audit_verify_chain" file="tests\test_memguard_full.py" line="258" time="3.194" /><testcase classname="tests.test_memguard_full.TestAudit" name="test_enhanced_audit_search" file="tests\test_memguard_full.py" line="281" time="1.874" /><testcase classname="tests.test_memguard_full.TestAudit" name="test_risk_assessor_assess" file="tests\test_memguard_full.py" line="300" time="0.000" /><testcase classname="tests.test_memguard_full.TestAudit" name="test_ip_utils_is_internal_ip" file="tests\test_memguard_full.py" line="327" time="0.000" /><testcase classname="tests.test_memguard_full.TestIntegrity" name="test_hash_utils_sha256_file" file="tests\test_memguard_full.py" line="344" time="0.018" /><testcase classname="tests.test_memguard_full.TestIntegrity" name="test_signature_manager_sign_file" file="tests\test_memguard_full.py" line="357" time="0.022" /><testcase classname="tests.test_memguard_full.TestIntegrity" name="test_signature_manager_verify_file" file="tests\test_memguard_full.py" line="384" time="0.016" /><testcase classname="tests.test_memguard_full.TestIntegrity" name="test_signature_manager_detect_tamper" file="tests\test_memguard_full.py" line="412" time="0.021" /><testcase classname="tests.test_memguard_full.TestIntegrity" name="test_signature_manager_verify_all" file="tests\test_memguard_full.py" line="443" time="0.031" /><testcase classname="tests.test_memguard_full.TestLogger" name="test_json_formatter_format" file="tests\test_memguard_full.py" line="479" time="0.004" /><testcase classname="tests.test_memguard_full.TestLogger" name="test_get_logger" file="tests\test_memguard_full.py" line="502" time="0.000" /><testcase classname="tests.test_memguard_full.TestLogger" name="test_get_logger_with_file" file="tests\test_memguard_full.py" line="512" time="0.021" /></testsuite></testsuites>