<?xml version="1.0" encoding="utf-8"?><testsuites name="pytest tests"><testsuite name="pytest" errors="0" failures="0" skipped="0" tests="17" time="0.065" timestamp="2026-06-18T10:34:58.881674+08:00" hostname="WLMHAN"><testcase classname="tests.test_polaris_full.TestSceneTagger" name="test_scene_tagging_basic" file="tests\test_polaris_full.py" line="26" time="0.000" /><testcase classname="tests.test_polaris_full.TestSceneTagger" name="test_role_keywords" file="tests\test_polaris_full.py" line="44" time="0.000" /><testcase classname="tests.test_polaris_full.TestSceneTagger" name="test_emotion_detection" file="tests\test_polaris_full.py" line="53" time="0.000" /><testcase classname="tests.test_polaris_full.TestSceneTagger" name="test_compact_dict" file="tests\test_polaris_full.py" line="60" time="0.000" /><testcase classname="tests.test_polaris_full.TestSampler" name="test_soul_questions_loaded" file="tests\test_polaris_full.py" line="71" time="0.000" /><testcase classname="tests.test_polaris_full.TestSampler" name="test_deep_sample" file="tests\test_polaris_full.py" line="78" time="0.000" /><testcase classname="tests.test_polaris_full.TestSampler" name="test_light_sample" file="tests\test_polaris_full.py" line="96" time="0.000" /><testcase classname="tests.test_polaris_full.TestSampler" name="test_sampling_result_to_dict" file="tests\test_polaris_full.py" line="105" time="0.000" /><testcase classname="tests.test_polaris_full.TestDetector" name="test_identical_answers_green" file="tests\test_polaris_full.py" line="116" time="0.000" /><testcase classname="tests.test_polaris_full.TestDetector" name="test_significant_deviation" file="tests\test_polaris_full.py" line="126" time="0.000" /><testcase classname="tests.test_polaris_full.TestDetector" name="test_threshold_order" file="tests\test_polaris_full.py" line="135" time="0.000" /><testcase classname="tests.test_polaris_full.TestDetector" name="test_multidim_analyzer_weights" file="tests\test_polaris_full.py" line="152" time="0.000" /><testcase classname="tests.test_polaris_full.TestArchive" name="test_store_and_list" file="tests\test_polaris_full.py" line="172" time="0.030" /><testcase classname="tests.test_polaris_full.TestArchive" name="test_judge_classify" file="tests\test_polaris_full.py" line="202" time="0.000" /><testcase classname="tests.test_polaris_full.TestArchive" name="test_correction_action" file="tests\test_polaris_full.py" line="222" time="0.000" /><testcase classname="tests.test_polaris_full.TestArchive" name="test_archiver_preserves_baseline" file="tests\test_polaris_full.py" line="236" time="0.001" /><testcase classname="tests.test_polaris_full.TestPolarisIntegration" name="test_full_pipeline_smoke" file="tests\test_polaris_full.py" line="257" time="0.000" /></testsuite></testsuites>